* minikube v1.34.0 on Ubuntu 24.04
* Using the docker driver based on user configuration
* Using Docker driver with root privileges
* Starting "minikube" primary control-plane node in "minikube" cluster
* Pulling base image v0.0.45 ...
* Creating docker container (CPUs=2, Memory=3800MB) ...
* Preparing Kubernetes v1.31.0 on Docker 27.2.0 ...
  - apiserver.cors-allowed-origins=[http://boot.dev]
  - Generating certificates and keys ...
  - Booting up control plane ...
  - Configuring RBAC rules ...
* Configuring bridge CNI (Container Networking Interface) ...
* Verifying Kubernetes components...
  - Using image gcr.io/k8s-minikube/storage-provisioner:v5
* Enabled addons: storage-provisioner, default-storageclass
* Done! kubectl is now configured to use "minikube" cluster and "default" namespace by default
* Verifying dashboard health ...
* Launching proxy ...
* Verifying proxy health ...
* Opening http://127.0.0.1:35461/api/v1/namespaces/kubernetes-dashboard/services/http:kubernetes-dashboard:/proxy/ in your default browser...
